{"/Users/lewiswilliams/Desktop/Projects/blog-backend/src/constants/messages.ts": {"path":"/Users/lewiswilliams/Desktop/Projects/blog-backend/src/constants/messages.ts","statementMap":{"0":{"start":{"line":1,"column":13},"end":{"line":1,"column":77}},"1":{"start":{"line":2,"column":13},"end":{"line":2,"column":72}},"2":{"start":{"line":3,"column":13},"end":{"line":3,"column":71}}},"fnMap":{},"branchMap":{},"s":{"0":1,"1":1,"2":1},"f":{},"b":{}}
,"/Users/lewiswilliams/Desktop/Projects/blog-backend/src/models/BlogSchema.ts": {"path":"/Users/lewiswilliams/Desktop/Projects/blog-backend/src/models/BlogSchema.ts","statementMap":{"0":{"start":{"line":3,"column":19},"end":{"line":10,"column":2}},"1":{"start":{"line":12,"column":37},"end":{"line":12,"column":71}}},"fnMap":{},"branchMap":{},"s":{"0":1,"1":1},"f":{},"b":{},"_coverageSchema":"1a1c01bbd47fc00a2c39e90264f33305004495a9","hash":"6d1ff12db09082cd87cb1ace1befe5c0542918fb"}
,"/Users/lewiswilliams/Desktop/Projects/blog-backend/src/services/BlogService.ts": {"path":"/Users/lewiswilliams/Desktop/Projects/blog-backend/src/services/BlogService.ts","statementMap":{"0":{"start":{"line":2,"column":0},"end":{"line":2,"column":111}},"1":{"start":{"line":4,"column":0},"end":{"line":4,"column":null}},"2":{"start":{"line":5,"column":0},"end":{"line":5,"column":47}},"3":{"start":{"line":7,"column":0},"end":{"line":7,"column":13}},"4":{"start":{"line":8,"column":9},"end":{"line":10,"column":null}},"5":{"start":{"line":9,"column":4},"end":{"line":9,"column":49}},"6":{"start":{"line":12,"column":9},"end":{"line":19,"column":null}},"7":{"start":{"line":13,"column":4},"end":{"line":18,"column":7}},"8":{"start":{"line":14,"column":6},"end":{"line":16,"column":null}},"9":{"start":{"line":15,"column":8},"end":{"line":15,"column":31}},"10":{"start":{"line":17,"column":6},"end":{"line":17,"column":35}},"11":{"start":{"line":21,"column":9},"end":{"line":33,"column":null}},"12":{"start":{"line":22,"column":10},"end":{"line":22,"column":12}},"13":{"start":{"line":22,"column":12},"end":{"line":22,"column":17}},"14":{"start":{"line":22,"column":19},"end":{"line":22,"column":62}},"15":{"start":{"line":23,"column":4},"end":{"line":25,"column":null}},"16":{"start":{"line":24,"column":6},"end":{"line":24,"column":null}},"17":{"start":{"line":26,"column":27},"end":{"line":26,"column":47}},"18":{"start":{"line":27,"column":4},"end":{"line":32,"column":7}},"19":{"start":{"line":28,"column":6},"end":{"line":30,"column":null}},"20":{"start":{"line":29,"column":8},"end":{"line":29,"column":31}},"21":{"start":{"line":31,"column":6},"end":{"line":31,"column":47}},"22":{"start":{"line":35,"column":9},"end":{"line":47,"column":null}},"23":{"start":{"line":36,"column":26},"end":{"line":36,"column":39}},"24":{"start":{"line":38,"column":4},"end":{"line":46,"column":7}},"25":{"start":{"line":39,"column":6},"end":{"line":41,"column":null}},"26":{"start":{"line":40,"column":8},"end":{"line":40,"column":24}},"27":{"start":{"line":43,"column":6},"end":{"line":45,"column":59}},"28":{"start":{"line":49,"column":9},"end":{"line":65,"column":null}},"29":{"start":{"line":50,"column":26},"end":{"line":50,"column":39}},"30":{"start":{"line":51,"column":4},"end":{"line":64,"column":6}},"31":{"start":{"line":56,"column":8},"end":{"line":58,"column":null}},"32":{"start":{"line":57,"column":10},"end":{"line":57,"column":26}},"33":{"start":{"line":60,"column":8},"end":{"line":62,"column":61}},"34":{"start":{"line":66,"column":0},"end":{"line":66,"column":null}},"35":{"start":{"line":7,"column":13},"end":{"line":7,"column":24}}},"fnMap":{"0":{"name":"(anonymous_0)","decl":{"start":{"line":7,"column":0},"end":{"line":7,"column":13}},"loc":{"start":{"line":7,"column":0},"end":{"line":66,"column":null}}},"1":{"name":"(anonymous_2)","decl":{"start":{"line":8,"column":2},"end":{"line":8,"column":9}},"loc":{"start":{"line":8,"column":51},"end":{"line":10,"column":3}}},"2":{"name":"(anonymous_3)","decl":{"start":{"line":12,"column":2},"end":{"line":12,"column":9}},"loc":{"start":{"line":12,"column":55},"end":{"line":19,"column":3}}},"3":{"name":"(anonymous_4)","decl":{"start":{"line":13,"column":23},"end":{"line":13,"column":24}},"loc":{"start":{"line":13,"column":67},"end":{"line":18,"column":5}}},"4":{"name":"(anonymous_5)","decl":{"start":{"line":21,"column":2},"end":{"line":21,"column":9}},"loc":{"start":{"line":21,"column":54},"end":{"line":33,"column":3}}},"5":{"name":"(anonymous_6)","decl":{"start":{"line":27,"column":24},"end":{"line":27,"column":25}},"loc":{"start":{"line":27,"column":68},"end":{"line":32,"column":5}}},"6":{"name":"(anonymous_7)","decl":{"start":{"line":35,"column":2},"end":{"line":35,"column":9}},"loc":{"start":{"line":35,"column":54},"end":{"line":47,"column":3}}},"7":{"name":"(anonymous_8)","decl":{"start":{"line":38,"column":47},"end":{"line":38,"column":48}},"loc":{"start":{"line":38,"column":74},"end":{"line":46,"column":5}}},"8":{"name":"(anonymous_9)","decl":{"start":{"line":49,"column":2},"end":{"line":49,"column":9}},"loc":{"start":{"line":49,"column":54},"end":{"line":65,"column":3}}},"9":{"name":"(anonymous_10)","decl":{"start":{"line":55,"column":6},"end":{"line":55,"column":7}},"loc":{"start":{"line":55,"column":37},"end":{"line":63,"column":7}}}},"branchMap":{"0":{"loc":{"start":{"line":14,"column":6},"end":{"line":16,"column":null}},"type":"if","locations":[{"start":{"line":14,"column":6},"end":{"line":16,"column":null}},{"start":{"line":14,"column":6},"end":{"line":16,"column":null}}]},"1":{"loc":{"start":{"line":23,"column":4},"end":{"line":25,"column":null}},"type":"if","locations":[{"start":{"line":23,"column":4},"end":{"line":25,"column":null}},{"start":{"line":23,"column":4},"end":{"line":25,"column":null}}]},"2":{"loc":{"start":{"line":28,"column":6},"end":{"line":30,"column":null}},"type":"if","locations":[{"start":{"line":28,"column":6},"end":{"line":30,"column":null}},{"start":{"line":28,"column":6},"end":{"line":30,"column":null}}]},"3":{"loc":{"start":{"line":39,"column":6},"end":{"line":41,"column":null}},"type":"if","locations":[{"start":{"line":39,"column":6},"end":{"line":41,"column":null}},{"start":{"line":39,"column":6},"end":{"line":41,"column":null}}]},"4":{"loc":{"start":{"line":44,"column":10},"end":{"line":44,"column":57}},"type":"cond-expr","locations":[{"start":{"line":44,"column":10},"end":{"line":44,"column":57}},{"start":{"line":45,"column":10},"end":{"line":45,"column":58}}]},"5":{"loc":{"start":{"line":56,"column":8},"end":{"line":58,"column":null}},"type":"if","locations":[{"start":{"line":56,"column":8},"end":{"line":58,"column":null}},{"start":{"line":56,"column":8},"end":{"line":58,"column":null}}]},"6":{"loc":{"start":{"line":61,"column":12},"end":{"line":61,"column":45}},"type":"cond-expr","locations":[{"start":{"line":61,"column":12},"end":{"line":61,"column":45}},{"start":{"line":62,"column":12},"end":{"line":62,"column":60}}]}},"s":{"0":1,"1":1,"2":1,"3":1,"4":1,"5":0,"6":1,"7":1,"8":1,"9":0,"10":1,"11":1,"12":0,"13":0,"14":0,"15":0,"16":0,"17":0,"18":0,"19":0,"20":0,"21":0,"22":1,"23":0,"24":0,"25":0,"26":0,"27":0,"28":1,"29":0,"30":0,"31":0,"32":0,"33":0,"34":1,"35":1},"f":{"0":2,"1":0,"2":1,"3":1,"4":0,"5":0,"6":0,"7":0,"8":0,"9":0},"b":{"0":[0,1],"1":[0,0],"2":[0,0],"3":[0,0],"4":[0,0],"5":[0,0],"6":[0,0]}}
,"/Users/lewiswilliams/Desktop/Projects/blog-backend/src/validation/index.ts": {"path":"/Users/lewiswilliams/Desktop/Projects/blog-backend/src/validation/index.ts","statementMap":{"0":{"start":{"line":3,"column":37},"end":{"line":13,"column":2}}},"fnMap":{},"branchMap":{},"s":{"0":1},"f":{},"b":{},"_coverageSchema":"1a1c01bbd47fc00a2c39e90264f33305004495a9","hash":"5488162bce296de614a79f4b4610f92200d77dd9"}
,"/Users/lewiswilliams/Desktop/Projects/blog-backend/test/utils/utils.ts": {"path":"/Users/lewiswilliams/Desktop/Projects/blog-backend/test/utils/utils.ts","statementMap":{"0":{"start":{"line":7,"column":0},"end":{"line":7,"column":13}},"1":{"start":{"line":8,"column":0},"end":{"line":8,"column":24}},"2":{"start":{"line":9,"column":0},"end":{"line":9,"column":20}},"3":{"start":{"line":10,"column":0},"end":{"line":10,"column":19}},"4":{"start":{"line":12,"column":15},"end":{"line":12,"column":26}}},"fnMap":{},"branchMap":{},"s":{"0":1,"1":1,"2":1,"3":1,"4":1},"f":{},"b":{},"_coverageSchema":"1a1c01bbd47fc00a2c39e90264f33305004495a9","hash":"8e6350efda3f4c7292f61631815cd8a96557b938"}
}
